This is pdfTeX, Version 3.14159265-2.6-1.40.16 (MiKTeX 2.9) (preloaded format=pdflatex 2016.3.9)  15 DEC 2016 21:01
entering extended mode
**./report.tex
(report.tex
LaTeX2e <2015/10/01> patch level 2
Babel <3.9n> and hyphenation patterns for 69 languages loaded.
(C:\Users\Bjarki\AppData\Roaming\MiKTeX\2.9\tex\latex\koma-script\scrartcl.cls
Document Class: scrartcl 2016/06/14 v3.21 KOMA-Script document class (article)
(C:\Users\Bjarki\AppData\Roaming\MiKTeX\2.9\tex\latex\koma-script\scrkbase.sty
Package: scrkbase 2016/06/14 v3.21 KOMA-Script package (KOMA-Script-dependent b
asics and keyval usage)

(C:\Users\Bjarki\AppData\Roaming\MiKTeX\2.9\tex\latex\koma-script\scrbase.sty
Package: scrbase 2016/06/14 v3.21 KOMA-Script package (KOMA-Script-independent 
basics and keyval usage)

("C:\Program Files (x86)\MiKTeX 2.9\tex\latex\graphics\keyval.sty"
Package: keyval 2014/10/28 v1.15 key=value parser (DPC)
\KV@toks@=\toks14
)
(C:\Users\Bjarki\AppData\Roaming\MiKTeX\2.9\tex\latex\koma-script\scrlfile.sty
Package: scrlfile 2016/06/14 v3.21 KOMA-Script package (loading files)

Package scrlfile, 2016/06/14 v3.21 KOMA-Script package (loading files)
                  Copyright (C) Markus Kohm

)))
(C:\Users\Bjarki\AppData\Roaming\MiKTeX\2.9\tex\latex\koma-script\tocbasic.sty
Package: tocbasic 2016/06/14 v3.21 KOMA-Script package (handling toc-files)
\scr@dte@tocline@numberwidth=\skip41
\scr@dte@tocline@numbox=\box26
)
Package tocbasic Info: omitting babel extension for `toc'
(tocbasic)             because of feature `nobabel' available
(tocbasic)             for `toc' on input line 130.
Package tocbasic Info: omitting babel extension for `lof'
(tocbasic)             because of feature `nobabel' available
(tocbasic)             for `lof' on input line 131.
Package tocbasic Info: omitting babel extension for `lot'
(tocbasic)             because of feature `nobabel' available
(tocbasic)             for `lot' on input line 132.
Class scrartcl Info: File `scrsize11pt.clo' used instead of
(scrartcl)           file `scrsize11.clo' to setup font sizes on input line 205
2.

(C:\Users\Bjarki\AppData\Roaming\MiKTeX\2.9\tex\latex\koma-script\scrsize11pt.c
lo
File: scrsize11pt.clo 2016/06/14 v3.21 KOMA-Script font size class option (11pt
)
)
(C:\Users\Bjarki\AppData\Roaming\MiKTeX\2.9\tex\latex\koma-script\typearea.sty
Package: typearea 2016/06/14 v3.21 KOMA-Script package (type area)

Package typearea, 2016/06/14 v3.21 KOMA-Script package (type area)
                  Copyright (C) Frank Neukam, 1992-1994
                  Copyright (C) Markus Kohm, 1994-

\ta@bcor=\skip42
\ta@div=\count79
\ta@hblk=\skip43
\ta@vblk=\skip44
\ta@temp=\skip45
\footheight=\skip46
Package typearea Info: These are the values describing the layout:
(typearea)             DIV  = 10
(typearea)             BCOR = 0.0pt
(typearea)             \paperwidth      = 597.50793pt
(typearea)              \textwidth      = 418.25555pt
(typearea)              DIV departure   = -6%
(typearea)              \evensidemargin = 17.3562pt
(typearea)              \oddsidemargin  = 17.3562pt
(typearea)             \paperheight     = 845.04694pt
(typearea)              \textheight     = 595.80026pt
(typearea)              \topmargin      = -25.16531pt
(typearea)              \headheight     = 17.0pt
(typearea)              \headsep        = 20.40001pt
(typearea)              \topskip        = 11.0pt
(typearea)              \footskip       = 47.6pt
(typearea)              \baselineskip   = 13.6pt
(typearea)              on input line 1529.
)
\c@part=\count80
\c@section=\count81
\c@subsection=\count82
\c@subsubsection=\count83
\c@paragraph=\count84
\c@subparagraph=\count85
\scr@dte@part@maxnumwidth=\skip47
\scr@dte@section@maxnumwidth=\skip48
\scr@dte@subsection@maxnumwidth=\skip49
\scr@dte@subsubsection@maxnumwidth=\skip50
\scr@dte@paragraph@maxnumwidth=\skip51
\scr@dte@subparagraph@maxnumwidth=\skip52
LaTeX Info: Redefining \textsubscript on input line 4036.
\abovecaptionskip=\skip53
\belowcaptionskip=\skip54
\c@pti@nb@sid@b@x=\box27
\c@figure=\count86
\c@table=\count87
Class scrartcl Info: Redefining `\numberline' on input line 5049.
\bibindent=\dimen102
) ("C:\Program Files (x86)\MiKTeX 2.9\tex\generic\babel\babel.sty"
Package: babel 2016/01/08 3.9n The Babel package

*************************************
* Local config file bblopts.cfg used
*
("C:\Program Files (x86)\MiKTeX 2.9\tex\latex\00miktex\bblopts.cfg"
File: bblopts.cfg 2006/07/31 v1.0 MiKTeX 'babel' configuration
)
("C:\Program Files (x86)\MiKTeX 2.9\tex\latex\babel-english\english.ldf"
Language: english 2012/08/20 v3.3p English support from the babel system

("C:\Program Files (x86)\MiKTeX 2.9\tex\generic\babel\babel.def"
File: babel.def 2016/01/08 3.9n Babel common definitions
\babel@savecnt=\count88
\U@D=\dimen103
)
\l@canadian = a dialect from \language\l@american 
\l@australian = a dialect from \language\l@british 
\l@newzealand = a dialect from \language\l@british 
))
("C:\Program Files (x86)\MiKTeX 2.9\tex\latex\base\inputenc.sty"
Package: inputenc 2015/03/17 v1.2c Input encoding file
\inpenc@prehook=\toks15
\inpenc@posthook=\toks16

("C:\Program Files (x86)\MiKTeX 2.9\tex\latex\base\utf8.def"
File: utf8.def 2015/09/07 v1.1p UTF-8 support for inputenc
Now handling font encoding OML ...
... no UTF-8 mapping file for font encoding OML
Now handling font encoding T1 ...
... processing UTF-8 mapping file for font encoding T1

("C:\Program Files (x86)\MiKTeX 2.9\tex\latex\base\t1enc.dfu"
File: t1enc.dfu 2015/09/07 v1.1p UTF-8 support for inputenc
   defining Unicode char U+00A0 (decimal 160)
   defining Unicode char U+00A1 (decimal 161)
   defining Unicode char U+00A3 (decimal 163)
   defining Unicode char U+00AB (decimal 171)
   defining Unicode char U+00AD (decimal 173)
   defining Unicode char U+00BB (decimal 187)
   defining Unicode char U+00BF (decimal 191)
   defining Unicode char U+00C0 (decimal 192)
   defining Unicode char U+00C1 (decimal 193)
   defining Unicode char U+00C2 (decimal 194)
   defining Unicode char U+00C3 (decimal 195)
   defining Unicode char U+00C4 (decimal 196)
   defining Unicode char U+00C5 (decimal 197)
   defining Unicode char U+00C6 (decimal 198)
   defining Unicode char U+00C7 (decimal 199)
   defining Unicode char U+00C8 (decimal 200)
   defining Unicode char U+00C9 (decimal 201)
   defining Unicode char U+00CA (decimal 202)
   defining Unicode char U+00CB (decimal 203)
   defining Unicode char U+00CC (decimal 204)
   defining Unicode char U+00CD (decimal 205)
   defining Unicode char U+00CE (decimal 206)
   defining Unicode char U+00CF (decimal 207)
   defining Unicode char U+00D0 (decimal 208)
   defining Unicode char U+00D1 (decimal 209)
   defining Unicode char U+00D2 (decimal 210)
   defining Unicode char U+00D3 (decimal 211)
   defining Unicode char U+00D4 (decimal 212)
   defining Unicode char U+00D5 (decimal 213)
   defining Unicode char U+00D6 (decimal 214)
   defining Unicode char U+00D8 (decimal 216)
   defining Unicode char U+00D9 (decimal 217)
   defining Unicode char U+00DA (decimal 218)
   defining Unicode char U+00DB (decimal 219)
   defining Unicode char U+00DC (decimal 220)
   defining Unicode char U+00DD (decimal 221)
   defining Unicode char U+00DE (decimal 222)
   defining Unicode char U+00DF (decimal 223)
   defining Unicode char U+00E0 (decimal 224)
   defining Unicode char U+00E1 (decimal 225)
   defining Unicode char U+00E2 (decimal 226)
   defining Unicode char U+00E3 (decimal 227)
   defining Unicode char U+00E4 (decimal 228)
   defining Unicode char U+00E5 (decimal 229)
   defining Unicode char U+00E6 (decimal 230)
   defining Unicode char U+00E7 (decimal 231)
   defining Unicode char U+00E8 (decimal 232)
   defining Unicode char U+00E9 (decimal 233)
   defining Unicode char U+00EA (decimal 234)
   defining Unicode char U+00EB (decimal 235)
   defining Unicode char U+00EC (decimal 236)
   defining Unicode char U+00ED (decimal 237)
   defining Unicode char U+00EE (decimal 238)
   defining Unicode char U+00EF (decimal 239)
   defining Unicode char U+00F0 (decimal 240)
   defining Unicode char U+00F1 (decimal 241)
   defining Unicode char U+00F2 (decimal 242)
   defining Unicode char U+00F3 (decimal 243)
   defining Unicode char U+00F4 (decimal 244)
   defining Unicode char U+00F5 (decimal 245)
   defining Unicode char U+00F6 (decimal 246)
   defining Unicode char U+00F8 (decimal 248)
   defining Unicode char U+00F9 (decimal 249)
   defining Unicode char U+00FA (decimal 250)
   defining Unicode char U+00FB (decimal 251)
   defining Unicode char U+00FC (decimal 252)
   defining Unicode char U+00FD (decimal 253)
   defining Unicode char U+00FE (decimal 254)
   defining Unicode char U+00FF (decimal 255)
   defining Unicode char U+0102 (decimal 258)
   defining Unicode char U+0103 (decimal 259)
   defining Unicode char U+0104 (decimal 260)
   defining Unicode char U+0105 (decimal 261)
   defining Unicode char U+0106 (decimal 262)
   defining Unicode char U+0107 (decimal 263)
   defining Unicode char U+010C (decimal 268)
   defining Unicode char U+010D (decimal 269)
   defining Unicode char U+010E (decimal 270)
   defining Unicode char U+010F (decimal 271)
   defining Unicode char U+0110 (decimal 272)
   defining Unicode char U+0111 (decimal 273)
   defining Unicode char U+0118 (decimal 280)
   defining Unicode char U+0119 (decimal 281)
   defining Unicode char U+011A (decimal 282)
   defining Unicode char U+011B (decimal 283)
   defining Unicode char U+011E (decimal 286)
   defining Unicode char U+011F (decimal 287)
   defining Unicode char U+0130 (decimal 304)
   defining Unicode char U+0131 (decimal 305)
   defining Unicode char U+0132 (decimal 306)
   defining Unicode char U+0133 (decimal 307)
   defining Unicode char U+0139 (decimal 313)
   defining Unicode char U+013A (decimal 314)
   defining Unicode char U+013D (decimal 317)
   defining Unicode char U+013E (decimal 318)
   defining Unicode char U+0141 (decimal 321)
   defining Unicode char U+0142 (decimal 322)
   defining Unicode char U+0143 (decimal 323)
   defining Unicode char U+0144 (decimal 324)
   defining Unicode char U+0147 (decimal 327)
   defining Unicode char U+0148 (decimal 328)
   defining Unicode char U+014A (decimal 330)
   defining Unicode char U+014B (decimal 331)
   defining Unicode char U+0150 (decimal 336)
   defining Unicode char U+0151 (decimal 337)
   defining Unicode char U+0152 (decimal 338)
   defining Unicode char U+0153 (decimal 339)
   defining Unicode char U+0154 (decimal 340)
   defining Unicode char U+0155 (decimal 341)
   defining Unicode char U+0158 (decimal 344)
   defining Unicode char U+0159 (decimal 345)
   defining Unicode char U+015A (decimal 346)
   defining Unicode char U+015B (decimal 347)
   defining Unicode char U+015E (decimal 350)
   defining Unicode char U+015F (decimal 351)
   defining Unicode char U+0160 (decimal 352)
   defining Unicode char U+0161 (decimal 353)
   defining Unicode char U+0162 (decimal 354)
   defining Unicode char U+0163 (decimal 355)
   defining Unicode char U+0164 (decimal 356)
   defining Unicode char U+0165 (decimal 357)
   defining Unicode char U+016E (decimal 366)
   defining Unicode char U+016F (decimal 367)
   defining Unicode char U+0170 (decimal 368)
   defining Unicode char U+0171 (decimal 369)
   defining Unicode char U+0174 (decimal 372)
   defining Unicode char U+0175 (decimal 373)
   defining Unicode char U+0176 (decimal 374)
   defining Unicode char U+0177 (decimal 375)
   defining Unicode char U+0178 (decimal 376)
   defining Unicode char U+0179 (decimal 377)
   defining Unicode char U+017A (decimal 378)
   defining Unicode char U+017B (decimal 379)
   defining Unicode char U+017C (decimal 380)
   defining Unicode char U+017D (decimal 381)
   defining Unicode char U+017E (decimal 382)
   defining Unicode char U+0218 (decimal 536)
   defining Unicode char U+0219 (decimal 537)
   defining Unicode char U+021A (decimal 538)
   defining Unicode char U+021B (decimal 539)
   defining Unicode char U+200C (decimal 8204)
   defining Unicode char U+2013 (decimal 8211)
   defining Unicode char U+2014 (decimal 8212)
   defining Unicode char U+2018 (decimal 8216)
   defining Unicode char U+2019 (decimal 8217)
   defining Unicode char U+201A (decimal 8218)
   defining Unicode char U+201C (decimal 8220)
   defining Unicode char U+201D (decimal 8221)
   defining Unicode char U+201E (decimal 8222)
   defining Unicode char U+2030 (decimal 8240)
   defining Unicode char U+2031 (decimal 8241)
   defining Unicode char U+2039 (decimal 8249)
   defining Unicode char U+203A (decimal 8250)
   defining Unicode char U+2423 (decimal 9251)
)
Now handling font encoding OT1 ...
... processing UTF-8 mapping file for font encoding OT1

("C:\Program Files (x86)\MiKTeX 2.9\tex\latex\base\ot1enc.dfu"
File: ot1enc.dfu 2015/09/07 v1.1p UTF-8 support for inputenc
   defining Unicode char U+00A0 (decimal 160)
   defining Unicode char U+00A1 (decimal 161)
   defining Unicode char U+00A3 (decimal 163)
   defining Unicode char U+00AD (decimal 173)
   defining Unicode char U+00B8 (decimal 184)
   defining Unicode char U+00BF (decimal 191)
   defining Unicode char U+00C5 (decimal 197)
   defining Unicode char U+00C6 (decimal 198)
   defining Unicode char U+00D8 (decimal 216)
   defining Unicode char U+00DF (decimal 223)
   defining Unicode char U+00E6 (decimal 230)
   defining Unicode char U+00EC (decimal 236)
   defining Unicode char U+00ED (decimal 237)
   defining Unicode char U+00EE (decimal 238)
   defining Unicode char U+00EF (decimal 239)
   defining Unicode char U+00F8 (decimal 248)
   defining Unicode char U+0131 (decimal 305)
   defining Unicode char U+0141 (decimal 321)
   defining Unicode char U+0142 (decimal 322)
   defining Unicode char U+0152 (decimal 338)
   defining Unicode char U+0153 (decimal 339)
   defining Unicode char U+0174 (decimal 372)
   defining Unicode char U+0175 (decimal 373)
   defining Unicode char U+0176 (decimal 374)
   defining Unicode char U+0177 (decimal 375)
   defining Unicode char U+0218 (decimal 536)
   defining Unicode char U+0219 (decimal 537)
   defining Unicode char U+021A (decimal 538)
   defining Unicode char U+021B (decimal 539)
   defining Unicode char U+2013 (decimal 8211)
   defining Unicode char U+2014 (decimal 8212)
   defining Unicode char U+2018 (decimal 8216)
   defining Unicode char U+2019 (decimal 8217)
   defining Unicode char U+201C (decimal 8220)
   defining Unicode char U+201D (decimal 8221)
)
Now handling font encoding OMS ...
... processing UTF-8 mapping file for font encoding OMS

("C:\Program Files (x86)\MiKTeX 2.9\tex\latex\base\omsenc.dfu"
File: omsenc.dfu 2015/09/07 v1.1p UTF-8 support for inputenc
   defining Unicode char U+00A7 (decimal 167)
   defining Unicode char U+00B6 (decimal 182)
   defining Unicode char U+00B7 (decimal 183)
   defining Unicode char U+2020 (decimal 8224)
   defining Unicode char U+2021 (decimal 8225)
   defining Unicode char U+2022 (decimal 8226)
)
Now handling font encoding OMX ...
... no UTF-8 mapping file for font encoding OMX
Now handling font encoding U ...
... no UTF-8 mapping file for font encoding U
   defining Unicode char U+00A9 (decimal 169)
   defining Unicode char U+00AA (decimal 170)
   defining Unicode char U+00AE (decimal 174)
   defining Unicode char U+00BA (decimal 186)
   defining Unicode char U+02C6 (decimal 710)
   defining Unicode char U+02DC (decimal 732)
   defining Unicode char U+200C (decimal 8204)
   defining Unicode char U+2026 (decimal 8230)
   defining Unicode char U+2122 (decimal 8482)
   defining Unicode char U+2423 (decimal 9251)
))
("C:\Program Files (x86)\MiKTeX 2.9\tex\latex\lm\lmodern.sty"
Package: lmodern 2009/10/30 v1.6 Latin Modern Fonts
LaTeX Font Info:    Overwriting symbol font `operators' in version `normal'
(Font)                  OT1/cmr/m/n --> OT1/lmr/m/n on input line 22.
LaTeX Font Info:    Overwriting symbol font `letters' in version `normal'
(Font)                  OML/cmm/m/it --> OML/lmm/m/it on input line 23.
LaTeX Font Info:    Overwriting symbol font `symbols' in version `normal'
(Font)                  OMS/cmsy/m/n --> OMS/lmsy/m/n on input line 24.
LaTeX Font Info:    Overwriting symbol font `largesymbols' in version `normal'
(Font)                  OMX/cmex/m/n --> OMX/lmex/m/n on input line 25.
LaTeX Font Info:    Overwriting symbol font `operators' in version `bold'
(Font)                  OT1/cmr/bx/n --> OT1/lmr/bx/n on input line 26.
LaTeX Font Info:    Overwriting symbol font `letters' in version `bold'
(Font)                  OML/cmm/b/it --> OML/lmm/b/it on input line 27.
LaTeX Font Info:    Overwriting symbol font `symbols' in version `bold'
(Font)                  OMS/cmsy/b/n --> OMS/lmsy/b/n on input line 28.
LaTeX Font Info:    Overwriting symbol font `largesymbols' in version `bold'
(Font)                  OMX/cmex/m/n --> OMX/lmex/m/n on input line 29.
LaTeX Font Info:    Overwriting math alphabet `\mathbf' in version `normal'
(Font)                  OT1/cmr/bx/n --> OT1/lmr/bx/n on input line 31.
LaTeX Font Info:    Overwriting math alphabet `\mathsf' in version `normal'
(Font)                  OT1/cmss/m/n --> OT1/lmss/m/n on input line 32.
LaTeX Font Info:    Overwriting math alphabet `\mathit' in version `normal'
(Font)                  OT1/cmr/m/it --> OT1/lmr/m/it on input line 33.
LaTeX Font Info:    Overwriting math alphabet `\mathtt' in version `normal'
(Font)                  OT1/cmtt/m/n --> OT1/lmtt/m/n on input line 34.
LaTeX Font Info:    Overwriting math alphabet `\mathbf' in version `bold'
(Font)                  OT1/cmr/bx/n --> OT1/lmr/bx/n on input line 35.
LaTeX Font Info:    Overwriting math alphabet `\mathsf' in version `bold'
(Font)                  OT1/cmss/bx/n --> OT1/lmss/bx/n on input line 36.
LaTeX Font Info:    Overwriting math alphabet `\mathit' in version `bold'
(Font)                  OT1/cmr/bx/it --> OT1/lmr/bx/it on input line 37.
LaTeX Font Info:    Overwriting math alphabet `\mathtt' in version `bold'
(Font)                  OT1/cmtt/m/n --> OT1/lmtt/m/n on input line 38.
)
("C:\Program Files (x86)\MiKTeX 2.9\tex\latex\graphics\graphicx.sty"
Package: graphicx 2014/10/28 v1.0g Enhanced LaTeX Graphics (DPC,SPQR)

("C:\Program Files (x86)\MiKTeX 2.9\tex\latex\graphics\graphics.sty"
Package: graphics 2014/10/28 v1.0p Standard LaTeX Graphics (DPC,SPQR)

("C:\Program Files (x86)\MiKTeX 2.9\tex\latex\graphics\trig.sty"
Package: trig 1999/03/16 v1.09 sin cos tan (DPC)
)
("C:\Program Files (x86)\MiKTeX 2.9\tex\latex\00miktex\graphics.cfg"
File: graphics.cfg 2007/01/18 v1.5 graphics configuration of teTeX/TeXLive
)
Package graphics Info: Driver file: pdftex.def on input line 94.

("C:\Program Files (x86)\MiKTeX 2.9\tex\latex\pdftex-def\pdftex.def"
File: pdftex.def 2011/05/27 v0.06d Graphics/color for pdfTeX

("C:\Program Files (x86)\MiKTeX 2.9\tex\generic\oberdiek\infwarerr.sty"
Package: infwarerr 2010/04/08 v1.3 Providing info/warning/error messages (HO)
)
("C:\Program Files (x86)\MiKTeX 2.9\tex\generic\oberdiek\ltxcmds.sty"
Package: ltxcmds 2011/11/09 v1.22 LaTeX kernel commands for general use (HO)
)
\Gread@gobject=\count89
))
\Gin@req@height=\dimen104
\Gin@req@width=\dimen105
)
(C:\Users\Bjarki\AppData\Roaming\MiKTeX\2.9\tex\latex\caption\caption.sty
Package: caption 2016/02/21 v3.3-144 Customizing captions (AR)

(C:\Users\Bjarki\AppData\Roaming\MiKTeX\2.9\tex\latex\caption\caption3.sty
Package: caption3 2016/02/04 v1.7-139 caption3 kernel (AR)
Package caption3 Info: TeX engine: e-TeX on input line 67.
\captionmargin=\dimen106
\captionmargin@=\dimen107
\captionwidth=\dimen108
\caption@tempdima=\dimen109
\caption@indent=\dimen110
\caption@parindent=\dimen111
\caption@hangindent=\dimen112
)
Package caption Info: KOMA-Script document class.
\c@ContinuedFloat=\count90
)
(C:\Users\Bjarki\AppData\Roaming\MiKTeX\2.9\tex\latex\subfig\subfig.sty
Package: subfig 2005/06/28 ver: 1.3 subfig package
\c@KVtest=\count91
\sf@farskip=\skip55
\sf@captopadj=\dimen113
\sf@capskip=\skip56
\sf@nearskip=\skip57
\c@subfigure=\count92
\c@subfigure@save=\count93
\c@lofdepth=\count94
\c@subtable=\count95
\c@subtable@save=\count96
\c@lotdepth=\count97
\sf@top=\skip58
\sf@bottom=\skip59
)
(C:\Users\Bjarki\AppData\Roaming\MiKTeX\2.9\tex\latex\cite\cite.sty
LaTeX Info: Redefining \cite on input line 302.
LaTeX Info: Redefining \nocite on input line 332.
Package: cite 2015/02/27  v 5.5
)
("C:\Program Files (x86)\MiKTeX 2.9\tex\latex\oberdiek\epstopdf.sty"
Package: epstopdf 2010/02/09 v2.5 Conversion with epstopdf on the fly (HO)

("C:\Program Files (x86)\MiKTeX 2.9\tex\latex\oberdiek\epstopdf-base.sty"
Package: epstopdf-base 2010/02/09 v2.5 Base part for package epstopdf

("C:\Program Files (x86)\MiKTeX 2.9\tex\latex\oberdiek\grfext.sty"
Package: grfext 2010/08/19 v1.1 Manage graphics extensions (HO)

("C:\Program Files (x86)\MiKTeX 2.9\tex\generic\oberdiek\kvdefinekeys.sty"
Package: kvdefinekeys 2011/04/07 v1.3 Define keys (HO)
))
("C:\Program Files (x86)\MiKTeX 2.9\tex\latex\oberdiek\kvoptions.sty"
Package: kvoptions 2011/06/30 v3.11 Key value format for package options (HO)

("C:\Program Files (x86)\MiKTeX 2.9\tex\generic\oberdiek\kvsetkeys.sty"
Package: kvsetkeys 2012/04/25 v1.16 Key value parser (HO)

("C:\Program Files (x86)\MiKTeX 2.9\tex\generic\oberdiek\etexcmds.sty"
Package: etexcmds 2011/02/16 v1.5 Avoid name clashes with e-TeX commands (HO)

("C:\Program Files (x86)\MiKTeX 2.9\tex\generic\oberdiek\ifluatex.sty"
Package: ifluatex 2010/03/01 v1.3 Provides the ifluatex switch (HO)
Package ifluatex Info: LuaTeX not detected.
)
Package etexcmds Info: Could not find \expanded.
(etexcmds)             That can mean that you are not using pdfTeX 1.50 or
(etexcmds)             that some package has redefined \expanded.
(etexcmds)             In the latter case, load this package earlier.
)))
("C:\Program Files (x86)\MiKTeX 2.9\tex\generic\oberdiek\pdftexcmds.sty"
Package: pdftexcmds 2011/11/29 v0.20 Utility functions of pdfTeX for LuaTeX (HO
)

("C:\Program Files (x86)\MiKTeX 2.9\tex\generic\oberdiek\ifpdf.sty"
Package: ifpdf 2011/01/30 v2.3 Provides the ifpdf switch (HO)
Package ifpdf Info: pdfTeX in PDF mode is detected.
)
Package pdftexcmds Info: LuaTeX not detected.
Package pdftexcmds Info: \pdf@primitive is available.
Package pdftexcmds Info: \pdf@ifprimitive is available.
Package pdftexcmds Info: \pdfdraftmode found.
)
Package grfext Info: Graphics extension search list:
(grfext)             [.png,.pdf,.jpg,.mps,.jpeg,.jbig2,.jb2,.PNG,.PDF,.JPG,.JPE
G,.JBIG2,.JB2,.eps]
(grfext)             \AppendGraphicsExtensions on input line 452.
))
("C:\Program Files (x86)\MiKTeX 2.9\tex\latex\float\float.sty"
Package: float 2001/11/08 v1.3d Float enhancements (AL)
\c@float@type=\count98
\float@exts=\toks17
\float@box=\box28
\@float@everytoks=\toks18
\@floatcapt=\box29
)
("C:\Program Files (x86)\MiKTeX 2.9\tex\latex\amsmath\amsmath.sty"
Package: amsmath 2013/01/14 v2.14 AMS math features
\@mathmargin=\skip60

For additional information on amsmath, use the `?' option.
("C:\Program Files (x86)\MiKTeX 2.9\tex\latex\amsmath\amstext.sty"
Package: amstext 2000/06/29 v2.01

("C:\Program Files (x86)\MiKTeX 2.9\tex\latex\amsmath\amsgen.sty"
File: amsgen.sty 1999/11/30 v2.0
\@emptytoks=\toks19
\ex@=\dimen114
))
("C:\Program Files (x86)\MiKTeX 2.9\tex\latex\amsmath\amsbsy.sty"
Package: amsbsy 1999/11/29 v1.2d
\pmbraise@=\dimen115
)
("C:\Program Files (x86)\MiKTeX 2.9\tex\latex\amsmath\amsopn.sty"
Package: amsopn 1999/12/14 v2.01 operator names
)
\inf@bad=\count99
LaTeX Info: Redefining \frac on input line 210.
\uproot@=\count100
\leftroot@=\count101
LaTeX Info: Redefining \overline on input line 306.
\classnum@=\count102
\DOTSCASE@=\count103
LaTeX Info: Redefining \ldots on input line 378.
LaTeX Info: Redefining \dots on input line 381.
LaTeX Info: Redefining \cdots on input line 466.
\Mathstrutbox@=\box30
\strutbox@=\box31
\big@size=\dimen116
LaTeX Font Info:    Redeclaring font encoding OML on input line 566.
LaTeX Font Info:    Redeclaring font encoding OMS on input line 567.
\macc@depth=\count104
\c@MaxMatrixCols=\count105
\dotsspace@=\muskip10
\c@parentequation=\count106
\dspbrk@lvl=\count107
\tag@help=\toks20
\row@=\count108
\column@=\count109
\maxfields@=\count110
\andhelp@=\toks21
\eqnshift@=\dimen117
\alignsep@=\dimen118
\tagshift@=\dimen119
\tagwidth@=\dimen120
\totwidth@=\dimen121
\lineht@=\dimen122
\@envbody=\toks22
\multlinegap=\skip61
\multlinetaggap=\skip62
\mathdisplay@stack=\toks23
LaTeX Info: Redefining \[ on input line 2665.
LaTeX Info: Redefining \] on input line 2666.
)
(C:\Users\Bjarki\AppData\Roaming\MiKTeX\2.9\tex\latex\listings\listings.sty
\lst@mode=\count111
\lst@gtempboxa=\box32
\lst@token=\toks24
\lst@length=\count112
\lst@currlwidth=\dimen123
\lst@column=\count113
\lst@pos=\count114
\lst@lostspace=\dimen124
\lst@width=\dimen125
\lst@newlines=\count115
\lst@lineno=\count116
\lst@maxwidth=\dimen126

(C:\Users\Bjarki\AppData\Roaming\MiKTeX\2.9\tex\latex\listings\lstmisc.sty
File: lstmisc.sty 2015/06/04 1.6 (Carsten Heinz)
\c@lstnumber=\count117
\lst@skipnumbers=\count118
\lst@framebox=\box33
)
(C:\Users\Bjarki\AppData\Roaming\MiKTeX\2.9\tex\latex\listings\listings.cfg
File: listings.cfg 2015/06/04 1.6 listings configuration
))
Package: listings 2015/06/04 1.6 (Carsten Heinz)

(C:\Users\Bjarki\AppData\Roaming\MiKTeX\2.9\tex\latex\xcolor\xcolor.sty
Package: xcolor 2007/01/21 v2.11 LaTeX color extensions (UK)

("C:\Program Files (x86)\MiKTeX 2.9\tex\latex\00miktex\color.cfg"
File: color.cfg 2007/01/18 v1.5 color configuration of teTeX/TeXLive
)
Package xcolor Info: Driver file: pdftex.def on input line 225.
Package xcolor Info: Model `cmy' substituted by `cmy0' on input line 1337.
Package xcolor Info: Model `hsb' substituted by `rgb' on input line 1341.
Package xcolor Info: Model `RGB' extended on input line 1353.
Package xcolor Info: Model `HTML' substituted by `rgb' on input line 1355.
Package xcolor Info: Model `Hsb' substituted by `hsb' on input line 1356.
Package xcolor Info: Model `tHsb' substituted by `hsb' on input line 1357.
Package xcolor Info: Model `HSB' substituted by `hsb' on input line 1358.
Package xcolor Info: Model `Gray' substituted by `gray' on input line 1359.
Package xcolor Info: Model `wave' substituted by `hsb' on input line 1360.
)
(C:\Users\Bjarki\AppData\Roaming\MiKTeX\2.9\tex\latex\listings\lstlang1.sty
File: lstlang1.sty 2015/06/04 1.6 listings language file
)
(C:\Users\Bjarki\AppData\Roaming\MiKTeX\2.9\tex\latex\listings\lstmisc.sty
File: lstmisc.sty 2015/06/04 1.6 (Carsten Heinz)
)
(report.aux)
\openout1 = `report.aux'.

LaTeX Font Info:    Checking defaults for OML/cmm/m/it on input line 61.
LaTeX Font Info:    ... okay on input line 61.
LaTeX Font Info:    Checking defaults for T1/cmr/m/n on input line 61.
LaTeX Font Info:    ... okay on input line 61.
LaTeX Font Info:    Checking defaults for OT1/cmr/m/n on input line 61.
LaTeX Font Info:    ... okay on input line 61.
LaTeX Font Info:    Checking defaults for OMS/cmsy/m/n on input line 61.
LaTeX Font Info:    ... okay on input line 61.
LaTeX Font Info:    Checking defaults for OMX/cmex/m/n on input line 61.
LaTeX Font Info:    ... okay on input line 61.
LaTeX Font Info:    Checking defaults for U/cmr/m/n on input line 61.
LaTeX Font Info:    ... okay on input line 61.
LaTeX Font Info:    Try loading font information for OT1+lmr on input line 61.
 ("C:\Program Files (x86)\MiKTeX 2.9\tex\latex\lm\ot1lmr.fd"
File: ot1lmr.fd 2009/10/30 v1.6 Font defs for Latin Modern
)
(C:\Users\Bjarki\AppData\Roaming\MiKTeX\2.9\tex\context\base\supp-pdf.mkii
[Loading MPS to PDF converter (version 2006.09.02).]
\scratchcounter=\count119
\scratchdimen=\dimen127
\scratchbox=\box34
\nofMPsegments=\count120
\nofMParguments=\count121
\everyMPshowfont=\toks25
\MPscratchCnt=\count122
\MPscratchDim=\dimen128
\MPnumerator=\count123
\makeMPintoPDFobject=\count124
\everyMPtoPDFconversion=\toks26
)
Package caption Info: Begin \AtBeginDocument code.
Package caption Info: subfig package v1.3 is loaded.
Package caption Info: float package is loaded.
Package caption Info: listings package is loaded.
Package caption Info: End \AtBeginDocument code.
\c@lstlisting=\count125
LaTeX Font Info:    Try loading font information for OT1+lmss on input line 65.

 ("C:\Program Files (x86)\MiKTeX 2.9\tex\latex\lm\ot1lmss.fd"
File: ot1lmss.fd 2009/10/30 v1.6 Font defs for Latin Modern
)
LaTeX Font Info:    Try loading font information for OML+lmm on input line 65.

("C:\Program Files (x86)\MiKTeX 2.9\tex\latex\lm\omllmm.fd"
File: omllmm.fd 2009/10/30 v1.6 Font defs for Latin Modern
)
LaTeX Font Info:    Try loading font information for OMS+lmsy on input line 65.


("C:\Program Files (x86)\MiKTeX 2.9\tex\latex\lm\omslmsy.fd"
File: omslmsy.fd 2009/10/30 v1.6 Font defs for Latin Modern
)
LaTeX Font Info:    Try loading font information for OMX+lmex on input line 65.


("C:\Program Files (x86)\MiKTeX 2.9\tex\latex\lm\omxlmex.fd"
File: omxlmex.fd 2009/10/30 v1.6 Font defs for Latin Modern
)
LaTeX Font Info:    External font `lmex10' loaded for size
(Font)              <14.4> on input line 65.
LaTeX Font Info:    External font `lmex10' loaded for size
(Font)              <10> on input line 65.
LaTeX Font Info:    External font `lmex10' loaded for size
(Font)              <7> on input line 65.
 [1


{C:/Users/Bjarki/AppData/Local/MiKTeX/2.9/pdftex/config/pdftex.map}]
<fig/marker1.png, id=9, 223.83624pt x 221.82875pt>
File: fig/marker1.png Graphic file (type png)
 <use fig/marker1.png>
Package pdftex.def Info: fig/marker1.png used on input line 79.
(pdftex.def)             Requested size: 167.29967pt x 165.80247pt.

[2 <./fig/marker1.png (PNG copy)>]
<fig/hue0-1.png, id=13, 1027.84pt x 770.88pt>
File: fig/hue0-1.png Graphic file (type png)
 <use fig/hue0-1.png>
Package pdftex.def Info: fig/hue0-1.png used on input line 91.
(pdftex.def)             Requested size: 292.7776pt x 219.58545pt.

<fig/bin0-1.png, id=14, 1027.84pt x 770.88pt>
File: fig/bin0-1.png Graphic file (type png)
 <use fig/bin0-1.png>
Package pdftex.def Info: fig/bin0-1.png used on input line 98.
(pdftex.def)             Requested size: 292.7776pt x 219.58545pt.

<fig/src0-1.png, id=15, 1027.84pt x 770.88pt>
File: fig/src0-1.png Graphic file (type png)
 <use fig/src0-1.png>
Package pdftex.def Info: fig/src0-1.png used on input line 105.
(pdftex.def)             Requested size: 292.7776pt x 219.58545pt.
 [3 <./fig/hue0-1.png (PNG copy)>] [4 <./fig/bin0-1.png (PNG copy)> <./fig/src0
-1.png (PNG copy)>] <fig/marker2b.png, id=22, 218.8175pt x 219.82124pt>
File: fig/marker2b.png Graphic file (type png)

<use fig/marker2b.png>
Package pdftex.def Info: fig/marker2b.png used on input line 114.
(pdftex.def)             Requested size: 167.29967pt x 168.06877pt.
 <fig/bin1-1.png, id=23, 1027.84pt x 770.88pt>
File: fig/bin1-1.png Graphic file (type png)

<use fig/bin1-1.png>
Package pdftex.def Info: fig/bin1-1.png used on input line 125.
(pdftex.def)             Requested size: 292.7776pt x 219.58545pt.
 <fig/lin1-1.png, id=24, 1027.84pt x 770.88pt>
File: fig/lin1-1.png Graphic file (type png)

<use fig/lin1-1.png>
Package pdftex.def Info: fig/lin1-1.png used on input line 132.
(pdftex.def)             Requested size: 292.7776pt x 219.58545pt.
 <fig/and1-1.png, id=25, 1027.84pt x 770.88pt>
File: fig/and1-1.png Graphic file (type png)

<use fig/and1-1.png>
Package pdftex.def Info: fig/and1-1.png used on input line 139.
(pdftex.def)             Requested size: 292.7776pt x 219.58545pt.
 <fig/src1-1.png, id=26, 1027.84pt x 770.88pt>
File: fig/src1-1.png Graphic file (type png)

<use fig/src1-1.png>
Package pdftex.def Info: fig/src1-1.png used on input line 146.
(pdftex.def)             Requested size: 292.7776pt x 219.58545pt.
 <fig/src1-63.png, id=27, 1027.84pt x 770.88pt>
File: fig/src1-63.png Graphic file (type png)

<use fig/src1-63.png>
Package pdftex.def Info: fig/src1-63.png used on input line 153.
(pdftex.def)             Requested size: 292.7776pt x 219.58545pt.
 [5 <./fig/marker2b.png (PNG copy)>] [6 <./fig/bin1-1.png (PNG copy)> <./fig/li
n1-1.png (PNG copy)>] [7 <./fig/and1-1.png (PNG copy)> <./fig/src1-1.png (PNG c
opy)>] [8 <./fig/src1-63.png (PNG copy)>]
LaTeX Font Info:    External font `lmex10' loaded for size
(Font)              <10.95> on input line 162.
LaTeX Font Info:    External font `lmex10' loaded for size
(Font)              <8> on input line 162.
LaTeX Font Info:    External font `lmex10' loaded for size
(Font)              <6> on input line 162.
LaTeX Font Info:    Try loading font information for OT1+lmtt on input line 166
.

("C:\Program Files (x86)\MiKTeX 2.9\tex\latex\lm\ot1lmtt.fd"
File: ot1lmtt.fd 2009/10/30 v1.6 Font defs for Latin Modern
)
Overfull \hbox (18.35281pt too wide) in paragraph at lines 175--178
\OT1/lmr/m/n/10.95 have im-ple-mented func-tion \OT1/lmtt/m/n/10.95 compute[]dQ
[]LSM \OT1/lmr/m/n/10.95 which can be found in \OT1/lmtt/m/n/10.95 inverseKinem
atics.cpp\OT1/lmr/m/n/10.95 . 
 []

[9

]
Package epstopdf Info: Source file: <fig/SlowSequence_joints_1_Targ_Pt.eps>
(epstopdf)                    date: 2016-12-15 18:14:52
(epstopdf)                    size: 81073 bytes
(epstopdf)             Output file: <fig/SlowSequence_joints_1_Targ_Pt-eps-conv
erted-to.pdf>
(epstopdf)                    date: 2016-12-15 18:14:52
(epstopdf)                    size: 21035 bytes
(epstopdf)             Command: <epstopdf --outfile=fig/SlowSequence_joints_1_T
arg_Pt-eps-converted-to.pdf fig/SlowSequence_joints_1_Targ_Pt.eps>
(epstopdf)             \includegraphics on input line 202.
Package epstopdf Info: Output file is already uptodate.

<fig/SlowSequence_joints_1_Targ_Pt-eps-converted-to.pdf, id=53, 562.1pt x 421.5
75pt>
File: fig/SlowSequence_joints_1_Targ_Pt-eps-converted-to.pdf Graphic file (type
 pdf)
 <use fig/SlowSequence_joints_1_Targ_Pt-eps-converted-to.pdf>
Package pdftex.def Info: fig/SlowSequence_joints_1_Targ_Pt-eps-converted-to.pdf
 used on input line 202.
(pdftex.def)             Requested size: 204.94751pt x 153.70955pt.
Package epstopdf Info: Source file: <fig/SlowSequence_joints_M_Targ_Pts.eps>
(epstopdf)                    date: 2016-12-15 18:14:52
(epstopdf)                    size: 81332 bytes
(epstopdf)             Output file: <fig/SlowSequence_joints_M_Targ_Pts-eps-con
verted-to.pdf>
(epstopdf)                    date: 2016-12-15 18:14:52
(epstopdf)                    size: 29906 bytes
(epstopdf)             Command: <epstopdf --outfile=fig/SlowSequence_joints_M_T
arg_Pts-eps-converted-to.pdf fig/SlowSequence_joints_M_Targ_Pts.eps>
(epstopdf)             \includegraphics on input line 207.
Package epstopdf Info: Output file is already uptodate.

<fig/SlowSequence_joints_M_Targ_Pts-eps-converted-to.pdf, id=54, 562.1pt x 421.
575pt>
File: fig/SlowSequence_joints_M_Targ_Pts-eps-converted-to.pdf Graphic file (typ
e pdf)
 <use fig/SlowSequence_joints_M_Targ_Pts-eps-converted-to.pdf>
Package pdftex.def Info: fig/SlowSequence_joints_M_Targ_Pts-eps-converted-to.pd
f used on input line 207.
(pdftex.def)             Requested size: 204.94751pt x 153.70955pt.

Overfull \hbox (6.23944pt too wide) in paragraph at lines 202--208
[][] [] 
 []

Package epstopdf Info: Source file: <fig/SlowSequence_tool_pose_1_Targ_Pt.eps>
(epstopdf)                    date: 2016-12-15 18:14:52
(epstopdf)                    size: 74680 bytes
(epstopdf)             Output file: <fig/SlowSequence_tool_pose_1_Targ_Pt-eps-c
onverted-to.pdf>
(epstopdf)                    date: 2016-12-15 18:14:52
(epstopdf)                    size: 19037 bytes
(epstopdf)             Command: <epstopdf --outfile=fig/SlowSequence_tool_pose_
1_Targ_Pt-eps-converted-to.pdf fig/SlowSequence_tool_pose_1_Targ_Pt.eps>
(epstopdf)             \includegraphics on input line 219.
Package epstopdf Info: Output file is already uptodate.

<fig/SlowSequence_tool_pose_1_Targ_Pt-eps-converted-to.pdf, id=55, 562.1pt x 42
1.575pt>
File: fig/SlowSequence_tool_pose_1_Targ_Pt-eps-converted-to.pdf Graphic file (t
ype pdf)
 <use fig/SlowSequence_tool_pose_1_Targ_Pt-eps-converted-to.pdf>
Package pdftex.def Info: fig/SlowSequence_tool_pose_1_Targ_Pt-eps-converted-to.
pdf used on input line 219.
(pdftex.def)             Requested size: 204.94751pt x 153.70955pt.
Package epstopdf Info: Source file: <fig/SlowSequence_tool_pose_M_Targ_Pts.eps>

(epstopdf)                    date: 2016-12-15 18:14:52
(epstopdf)                    size: 74645 bytes
(epstopdf)             Output file: <fig/SlowSequence_tool_pose_M_Targ_Pts-eps-
converted-to.pdf>
(epstopdf)                    date: 2016-12-15 18:14:52
(epstopdf)                    size: 26220 bytes
(epstopdf)             Command: <epstopdf --outfile=fig/SlowSequence_tool_pose_
M_Targ_Pts-eps-converted-to.pdf fig/SlowSequence_tool_pose_M_Targ_Pts.eps>
(epstopdf)             \includegraphics on input line 224.
Package epstopdf Info: Output file is already uptodate.

<fig/SlowSequence_tool_pose_M_Targ_Pts-eps-converted-to.pdf, id=56, 562.1pt x 4
21.575pt>
File: fig/SlowSequence_tool_pose_M_Targ_Pts-eps-converted-to.pdf Graphic file (
type pdf)
 <use fig/SlowSequence_tool_pose_M_Targ_Pts-eps-converted-to.pdf>
Package pdftex.def Info: fig/SlowSequence_tool_pose_M_Targ_Pts-eps-converted-to
.pdf used on input line 224.
(pdftex.def)             Requested size: 204.94751pt x 153.70955pt.

Overfull \hbox (6.23944pt too wide) in paragraph at lines 219--225
[][] [] 
 []


LaTeX Warning: `!h' float specifier changed to `!ht'.

Package epstopdf Info: Source file: <fig/SlowSequence_errors.eps>
(epstopdf)                    date: 2016-12-15 18:14:52
(epstopdf)                    size: 27244 bytes
(epstopdf)             Output file: <fig/SlowSequence_errors-eps-converted-to.p
df>
(epstopdf)                    date: 2016-12-15 18:14:52
(epstopdf)                    size: 9787 bytes
(epstopdf)             Command: <epstopdf --outfile=fig/SlowSequence_errors-eps
-converted-to.pdf fig/SlowSequence_errors.eps>
(epstopdf)             \includegraphics on input line 234.
Package epstopdf Info: Output file is already uptodate.

<fig/SlowSequence_errors-eps-converted-to.pdf, id=57, 421.575pt x 316.18124pt>
File: fig/SlowSequence_errors-eps-converted-to.pdf Graphic file (type pdf)

<use fig/SlowSequence_errors-eps-converted-to.pdf>
Package pdftex.def Info: fig/SlowSequence_errors-eps-converted-to.pdf used on i
nput line 234.
(pdftex.def)             Requested size: 292.7776pt x 219.58852pt.
Package epstopdf Info: Source file: <fig/SlowSequence_low_dTs_errors.eps>
(epstopdf)                    date: 2016-12-15 18:14:52
(epstopdf)                    size: 24623 bytes
(epstopdf)             Output file: <fig/SlowSequence_low_dTs_errors-eps-conver
ted-to.pdf>
(epstopdf)                    date: 2016-12-15 18:14:52
(epstopdf)                    size: 9984 bytes
(epstopdf)             Command: <epstopdf --outfile=fig/SlowSequence_low_dTs_er
rors-eps-converted-to.pdf fig/SlowSequence_low_dTs_errors.eps>
(epstopdf)             \includegraphics on input line 243.
Package epstopdf Info: Output file is already uptodate.

<fig/SlowSequence_low_dTs_errors-eps-converted-to.pdf, id=58, 370.38374pt x 301
.125pt>
File: fig/SlowSequence_low_dTs_errors-eps-converted-to.pdf Graphic file (type p
df)
 <use fig/SlowSequence_low_dTs_errors-eps-converted-to.pdf>
Package pdftex.def Info: fig/SlowSequence_low_dTs_errors-eps-converted-to.pdf u
sed on input line 243.
(pdftex.def)             Requested size: 292.7776pt x 238.03316pt.
 [10 <./fig/SlowSequence_joints_1_Targ_Pt-eps-converted-to.pdf> <./fig/SlowSequ
ence_joints_M_Targ_Pts-eps-converted-to.pdf>]
Package epstopdf Info: Source file: <fig/MediumSequence_joints_1_Targ_Pt.eps>
(epstopdf)                    date: 2016-12-15 18:14:52
(epstopdf)                    size: 39353 bytes
(epstopdf)             Output file: <fig/MediumSequence_joints_1_Targ_Pt-eps-co
nverted-to.pdf>
(epstopdf)                    date: 2016-12-15 18:14:52
(epstopdf)                    size: 13027 bytes
(epstopdf)             Command: <epstopdf --outfile=fig/MediumSequence_joints_1
_Targ_Pt-eps-converted-to.pdf fig/MediumSequence_joints_1_Targ_Pt.eps>
(epstopdf)             \includegraphics on input line 267.
Package epstopdf Info: Output file is already uptodate.

<fig/MediumSequence_joints_1_Targ_Pt-eps-converted-to.pdf, id=79, 562.1pt x 421
.575pt>
File: fig/MediumSequence_joints_1_Targ_Pt-eps-converted-to.pdf Graphic file (ty
pe pdf)
 <use fig/MediumSequence_joints_1_Targ_Pt-eps-converted-to.pdf>
Package pdftex.def Info: fig/MediumSequence_joints_1_Targ_Pt-eps-converted-to.p
df used on input line 267.
(pdftex.def)             Requested size: 204.94751pt x 153.70955pt.
Package epstopdf Info: Source file: <fig/MediumSequence_joints_M_Targ_Pts.eps>
(epstopdf)                    date: 2016-12-15 18:14:52
(epstopdf)                    size: 39608 bytes
(epstopdf)             Output file: <fig/MediumSequence_joints_M_Targ_Pts-eps-c
onverted-to.pdf>
(epstopdf)                    date: 2016-12-15 18:14:52
(epstopdf)                    size: 15965 bytes
(epstopdf)             Command: <epstopdf --outfile=fig/MediumSequence_joints_M
_Targ_Pts-eps-converted-to.pdf fig/MediumSequence_joints_M_Targ_Pts.eps>
(epstopdf)             \includegraphics on input line 272.
Package epstopdf Info: Output file is already uptodate.

<fig/MediumSequence_joints_M_Targ_Pts-eps-converted-to.pdf, id=80, 562.1pt x 42
1.575pt>
File: fig/MediumSequence_joints_M_Targ_Pts-eps-converted-to.pdf Graphic file (t
ype pdf)
 <use fig/MediumSequence_joints_M_Targ_Pts-eps-converted-to.pdf>
Package pdftex.def Info: fig/MediumSequence_joints_M_Targ_Pts-eps-converted-to.
pdf used on input line 272.
(pdftex.def)             Requested size: 204.94751pt x 153.70955pt.

Overfull \hbox (6.23944pt too wide) in paragraph at lines 267--273
[][] [] 
 []

Package epstopdf Info: Source file: <fig/MediumSequence_tool_pose_1_Targ_Pt.eps
>
(epstopdf)                    date: 2016-12-15 18:14:52
(epstopdf)                    size: 38678 bytes
(epstopdf)             Output file: <fig/MediumSequence_tool_pose_1_Targ_Pt-eps
-converted-to.pdf>
(epstopdf)                    date: 2016-12-15 18:14:52
(epstopdf)                    size: 12114 bytes
(epstopdf)             Command: <epstopdf --outfile=fig/MediumSequence_tool_pos
e_1_Targ_Pt-eps-converted-to.pdf fig/MediumSequence_tool_pose_1_Targ_Pt.eps>
(epstopdf)             \includegraphics on input line 283.
Package epstopdf Info: Output file is already uptodate.

<fig/MediumSequence_tool_pose_1_Targ_Pt-eps-converted-to.pdf, id=81, 562.1pt x 
421.575pt>
File: fig/MediumSequence_tool_pose_1_Targ_Pt-eps-converted-to.pdf Graphic file 
(type pdf)
 <use fig/MediumSequence_tool_pose_1_Targ_Pt-eps-converted-to.pdf>
Package pdftex.def Info: fig/MediumSequence_tool_pose_1_Targ_Pt-eps-converted-t
o.pdf used on input line 283.
(pdftex.def)             Requested size: 204.94751pt x 153.70955pt.
Package epstopdf Info: Source file: <fig/MediumSequence_tool_pose_M_Targ_Pts.ep
s>
(epstopdf)                    date: 2016-12-15 18:14:52
(epstopdf)                    size: 38721 bytes
(epstopdf)             Output file: <fig/MediumSequence_tool_pose_M_Targ_Pts-ep
s-converted-to.pdf>
(epstopdf)                    date: 2016-12-15 18:14:52
(epstopdf)                    size: 14643 bytes
(epstopdf)             Command: <epstopdf --outfile=fig/MediumSequence_tool_pos
e_M_Targ_Pts-eps-converted-to.pdf fig/MediumSequence_tool_pose_M_Targ_Pts.eps>
(epstopdf)             \includegraphics on input line 288.
Package epstopdf Info: Output file is already uptodate.

<fig/MediumSequence_tool_pose_M_Targ_Pts-eps-converted-to.pdf, id=82, 562.1pt x
 421.575pt>
File: fig/MediumSequence_tool_pose_M_Targ_Pts-eps-converted-to.pdf Graphic file
 (type pdf)
 <use fig/MediumSequence_tool_pose_M_Targ_Pts-eps-converted-to.pdf>
Package pdftex.def Info: fig/MediumSequence_tool_pose_M_Targ_Pts-eps-converted-
to.pdf used on input line 288.
(pdftex.def)             Requested size: 204.94751pt x 153.70955pt.

Overfull \hbox (6.23944pt too wide) in paragraph at lines 283--289
[][] [] 
 []

Package epstopdf Info: Source file: <fig/MediumSequence_errors.eps>
(epstopdf)                    date: 2016-12-15 18:14:52
(epstopdf)                    size: 26778 bytes
(epstopdf)             Output file: <fig/MediumSequence_errors-eps-converted-to
.pdf>
(epstopdf)                    date: 2016-12-15 18:14:52
(epstopdf)                    size: 9748 bytes
(epstopdf)             Command: <epstopdf --outfile=fig/MediumSequence_errors-e
ps-converted-to.pdf fig/MediumSequence_errors.eps>
(epstopdf)             \includegraphics on input line 297.
Package epstopdf Info: Output file is already uptodate.

<fig/MediumSequence_errors-eps-converted-to.pdf, id=83, 488.82625pt x 384.43625
pt>
File: fig/MediumSequence_errors-eps-converted-to.pdf Graphic file (type pdf)
 <use fig/MediumSequence_errors-eps-converted-to.pdf>
Package pdftex.def Info: fig/MediumSequence_errors-eps-converted-to.pdf used on
 input line 297.
(pdftex.def)             Requested size: 292.7776pt x 230.25876pt.
Package epstopdf Info: Source file: <fig/MediumSequence_low_dTs_errors.eps>
(epstopdf)                    date: 2016-12-15 18:14:52
(epstopdf)                    size: 26047 bytes
(epstopdf)             Output file: <fig/MediumSequence_low_dTs_errors-eps-conv
erted-to.pdf>
(epstopdf)                    date: 2016-12-15 18:14:52
(epstopdf)                    size: 10365 bytes
(epstopdf)             Command: <epstopdf --outfile=fig/MediumSequence_low_dTs_
errors-eps-converted-to.pdf fig/MediumSequence_low_dTs_errors.eps>
(epstopdf)             \includegraphics on input line 303.
Package epstopdf Info: Output file is already uptodate.

<fig/MediumSequence_low_dTs_errors-eps-converted-to.pdf, id=84, 492.84125pt x 3
99.4925pt>
File: fig/MediumSequence_low_dTs_errors-eps-converted-to.pdf Graphic file (type
 pdf)
 <use fig/MediumSequence_low_dTs_errors-eps-converted-to.pdf>
Package pdftex.def Info: fig/MediumSequence_low_dTs_errors-eps-converted-to.pdf
 used on input line 303.
(pdftex.def)             Requested size: 292.7776pt x 237.33218pt.

[11 <./fig/SlowSequence_tool_pose_1_Targ_Pt-eps-converted-to.pdf> <./fig/SlowSe
quence_tool_pose_M_Targ_Pts-eps-converted-to.pdf>] [12 <./fig/SlowSequence_erro
rs-eps-converted-to.pdf> <./fig/SlowSequence_low_dTs_errors-eps-converted-to.pd
f>] [13 <./fig/MediumSequence_joints_1_Targ_Pt-eps-converted-to.pdf> <./fig/Med
iumSequence_joints_M_Targ_Pts-eps-converted-to.pdf> <./fig/MediumSequence_tool_
pose_1_Targ_Pt-eps-converted-to.pdf> <./fig/MediumSequence_tool_pose_M_Targ_Pts
-eps-converted-to.pdf>] [14 <./fig/MediumSequence_errors-eps-converted-to.pdf> 
<./fig/MediumSequence_low_dTs_errors-eps-converted-to.pdf>]
Package epstopdf Info: Source file: <fig/FastSequence_joints_1_Targ_Pt.eps>
(epstopdf)                    date: 2016-12-15 18:14:52
(epstopdf)                    size: 23995 bytes
(epstopdf)             Output file: <fig/FastSequence_joints_1_Targ_Pt-eps-conv
erted-to.pdf>
(epstopdf)                    date: 2016-12-15 18:14:52
(epstopdf)                    size: 10095 bytes
(epstopdf)             Command: <epstopdf --outfile=fig/FastSequence_joints_1_T
arg_Pt-eps-converted-to.pdf fig/FastSequence_joints_1_Targ_Pt.eps>
(epstopdf)             \includegraphics on input line 320.
Package epstopdf Info: Output file is already uptodate.

<fig/FastSequence_joints_1_Targ_Pt-eps-converted-to.pdf, id=178, 562.1pt x 421.
575pt>
File: fig/FastSequence_joints_1_Targ_Pt-eps-converted-to.pdf Graphic file (type
 pdf)
 <use fig/FastSequence_joints_1_Targ_Pt-eps-converted-to.pdf>
Package pdftex.def Info: fig/FastSequence_joints_1_Targ_Pt-eps-converted-to.pdf
 used on input line 320.
(pdftex.def)             Requested size: 204.94751pt x 153.70955pt.
Package epstopdf Info: Source file: <fig/FastSequence_joints_M_Targ_Pts.eps>
(epstopdf)                    date: 2016-12-15 18:14:52
(epstopdf)                    size: 24007 bytes
(epstopdf)             Output file: <fig/FastSequence_joints_M_Targ_Pts-eps-con
verted-to.pdf>
(epstopdf)                    date: 2016-12-15 18:14:52
(epstopdf)                    size: 10774 bytes
(epstopdf)             Command: <epstopdf --outfile=fig/FastSequence_joints_M_T
arg_Pts-eps-converted-to.pdf fig/FastSequence_joints_M_Targ_Pts.eps>
(epstopdf)             \includegraphics on input line 325.
Package epstopdf Info: Output file is already uptodate.

<fig/FastSequence_joints_M_Targ_Pts-eps-converted-to.pdf, id=179, 562.1pt x 421
.575pt>
File: fig/FastSequence_joints_M_Targ_Pts-eps-converted-to.pdf Graphic file (typ
e pdf)
 <use fig/FastSequence_joints_M_Targ_Pts-eps-converted-to.pdf>
Package pdftex.def Info: fig/FastSequence_joints_M_Targ_Pts-eps-converted-to.pd
f used on input line 325.
(pdftex.def)             Requested size: 204.94751pt x 153.70955pt.

Overfull \hbox (6.23944pt too wide) in paragraph at lines 320--326
[][] [] 
 []

Package epstopdf Info: Source file: <fig/FastSequence_tool_pose_1_Targ_Pt.eps>
(epstopdf)                    date: 2016-12-15 18:14:52
(epstopdf)                    size: 26296 bytes
(epstopdf)             Output file: <fig/FastSequence_tool_pose_1_Targ_Pt-eps-c
onverted-to.pdf>
(epstopdf)                    date: 2016-12-15 18:14:52
(epstopdf)                    size: 9607 bytes
(epstopdf)             Command: <epstopdf --outfile=fig/FastSequence_tool_pose_
1_Targ_Pt-eps-converted-to.pdf fig/FastSequence_tool_pose_1_Targ_Pt.eps>
(epstopdf)             \includegraphics on input line 336.
Package epstopdf Info: Output file is already uptodate.

<fig/FastSequence_tool_pose_1_Targ_Pt-eps-converted-to.pdf, id=180, 562.1pt x 4
21.575pt>
File: fig/FastSequence_tool_pose_1_Targ_Pt-eps-converted-to.pdf Graphic file (t
ype pdf)
 <use fig/FastSequence_tool_pose_1_Targ_Pt-eps-converted-to.pdf>
Package pdftex.def Info: fig/FastSequence_tool_pose_1_Targ_Pt-eps-converted-to.
pdf used on input line 336.
(pdftex.def)             Requested size: 204.94751pt x 153.70955pt.
Package epstopdf Info: Source file: <fig/FastSequence_tool_pose_M_Targ_Pts.eps>

(epstopdf)                    date: 2016-12-15 18:14:52
(epstopdf)                    size: 26270 bytes
(epstopdf)             Output file: <fig/FastSequence_tool_pose_M_Targ_Pts-eps-
converted-to.pdf>
(epstopdf)                    date: 2016-12-15 18:14:52
(epstopdf)                    size: 10196 bytes
(epstopdf)             Command: <epstopdf --outfile=fig/FastSequence_tool_pose_
M_Targ_Pts-eps-converted-to.pdf fig/FastSequence_tool_pose_M_Targ_Pts.eps>
(epstopdf)             \includegraphics on input line 341.
Package epstopdf Info: Output file is already uptodate.

<fig/FastSequence_tool_pose_M_Targ_Pts-eps-converted-to.pdf, id=181, 562.1pt x 
421.575pt>
File: fig/FastSequence_tool_pose_M_Targ_Pts-eps-converted-to.pdf Graphic file (
type pdf)
 <use fig/FastSequence_tool_pose_M_Targ_Pts-eps-converted-to.pdf>
Package pdftex.def Info: fig/FastSequence_tool_pose_M_Targ_Pts-eps-converted-to
.pdf used on input line 341.
(pdftex.def)             Requested size: 204.94751pt x 153.70955pt.

Overfull \hbox (6.23944pt too wide) in paragraph at lines 336--342
[][] [] 
 []

Package epstopdf Info: Source file: <fig/FastSequence_errors.eps>
(epstopdf)                    date: 2016-12-15 18:14:52
(epstopdf)                    size: 27725 bytes
(epstopdf)             Output file: <fig/FastSequence_errors-eps-converted-to.p
df>
(epstopdf)                    date: 2016-12-15 18:14:52
(epstopdf)                    size: 9833 bytes
(epstopdf)             Command: <epstopdf --outfile=fig/FastSequence_errors-eps
-converted-to.pdf fig/FastSequence_errors.eps>
(epstopdf)             \includegraphics on input line 350.
Package epstopdf Info: Output file is already uptodate.

<fig/FastSequence_errors-eps-converted-to.pdf, id=182, 475.7775pt x 374.39874pt
>
File: fig/FastSequence_errors-eps-converted-to.pdf Graphic file (type pdf)
 <use fig/FastSequence_errors-eps-converted-to.pdf>
Package pdftex.def Info: fig/FastSequence_errors-eps-converted-to.pdf used on i
nput line 350.
(pdftex.def)             Requested size: 292.7776pt x 230.39954pt.
Package epstopdf Info: Source file: <fig/FastSequence_low_dTs_errors.eps>
(epstopdf)                    date: 2016-12-15 18:14:52
(epstopdf)                    size: 24623 bytes
(epstopdf)             Output file: <fig/FastSequence_low_dTs_errors-eps-conver
ted-to.pdf>
(epstopdf)                    date: 2016-12-15 18:14:52
(epstopdf)                    size: 9984 bytes
(epstopdf)             Command: <epstopdf --outfile=fig/FastSequence_low_dTs_er
rors-eps-converted-to.pdf fig/FastSequence_low_dTs_errors.eps>
(epstopdf)             \includegraphics on input line 357.
Package epstopdf Info: Output file is already uptodate.

<fig/FastSequence_low_dTs_errors-eps-converted-to.pdf, id=183, 370.38374pt x 30
1.125pt>
File: fig/FastSequence_low_dTs_errors-eps-converted-to.pdf Graphic file (type p
df)
 <use fig/FastSequence_low_dTs_errors-eps-converted-to.pdf>
Package pdftex.def Info: fig/FastSequence_low_dTs_errors-eps-converted-to.pdf u
sed on input line 357.
(pdftex.def)             Requested size: 292.7776pt x 238.03316pt.
 [15 <./fig/FastSequence_joints_1_Targ_Pt-eps-converted-to.pdf> <./fig/FastSequ
ence_joints_M_Targ_Pts-eps-converted-to.pdf> <./fig/FastSequence_tool_pose_1_Ta
rg_Pt-eps-converted-to.pdf> <./fig/FastSequence_tool_pose_M_Targ_Pts-eps-conver
ted-to.pdf>] [16 <./fig/FastSequence_errors-eps-converted-to.pdf> <./fig/FastSe
quence_low_dTs_errors-eps-converted-to.pdf>]
Package epstopdf Info: Source file: <fig/SlowSequence_dT50_1Pt_following_error_
vs_time.eps>
(epstopdf)                    date: 2016-12-15 18:14:52
(epstopdf)                    size: 23811 bytes
(epstopdf)             Output file: <fig/SlowSequence_dT50_1Pt_following_error_
vs_time-eps-converted-to.pdf>
(epstopdf)                    date: 2016-12-15 18:14:52
(epstopdf)                    size: 9536 bytes
(epstopdf)             Command: <epstopdf --outfile=fig/SlowSequence_dT50_1Pt_f
ollowing_error_vs_time-eps-converted-to.pdf fig/SlowSequence_dT50_1Pt_following
_error_vs_time.eps>
(epstopdf)             \includegraphics on input line 381.
Package epstopdf Info: Output file is already uptodate.

<fig/SlowSequence_dT50_1Pt_following_error_vs_time-eps-converted-to.pdf, id=238
, 367.3725pt x 301.125pt>
File: fig/SlowSequence_dT50_1Pt_following_error_vs_time-eps-converted-to.pdf Gr
aphic file (type pdf)

<use fig/SlowSequence_dT50_1Pt_following_error_vs_time-eps-converted-to.pdf>
Package pdftex.def Info: fig/SlowSequence_dT50_1Pt_following_error_vs_time-eps-
converted-to.pdf used on input line 381.
(pdftex.def)             Requested size: 204.94751pt x 167.99475pt.
Package epstopdf Info: Source file: <fig/SlowSequence_dT50_MPt_following_error_
vs_time.eps>
(epstopdf)                    date: 2016-12-15 18:14:52
(epstopdf)                    size: 27625 bytes
(epstopdf)             Output file: <fig/SlowSequence_dT50_MPt_following_error_
vs_time-eps-converted-to.pdf>
(epstopdf)                    date: 2016-12-15 18:14:52
(epstopdf)                    size: 10815 bytes
(epstopdf)             Command: <epstopdf --outfile=fig/SlowSequence_dT50_MPt_f
ollowing_error_vs_time-eps-converted-to.pdf fig/SlowSequence_dT50_MPt_following
_error_vs_time.eps>
(epstopdf)             \includegraphics on input line 386.
Package epstopdf Info: Output file is already uptodate.

<fig/SlowSequence_dT50_MPt_following_error_vs_time-eps-converted-to.pdf, id=239
, 374.39874pt x 301.125pt>
File: fig/SlowSequence_dT50_MPt_following_error_vs_time-eps-converted-to.pdf Gr
aphic file (type pdf)

<use fig/SlowSequence_dT50_MPt_following_error_vs_time-eps-converted-to.pdf>
Package pdftex.def Info: fig/SlowSequence_dT50_MPt_following_error_vs_time-eps-
converted-to.pdf used on input line 386.
(pdftex.def)             Requested size: 204.94751pt x 164.83813pt.

Overfull \hbox (6.23944pt too wide) in paragraph at lines 381--387
[][] [] 
 []

Package epstopdf Info: Source file: <fig/SlowSequence_dT35_1Pt_following_error_
vs_time.eps>
(epstopdf)                    date: 2016-12-15 18:14:52
(epstopdf)                    size: 28066 bytes
(epstopdf)             Output file: <fig/SlowSequence_dT35_1Pt_following_error_
vs_time-eps-converted-to.pdf>
(epstopdf)                    date: 2016-12-15 18:14:52
(epstopdf)                    size: 10084 bytes
(epstopdf)             Command: <epstopdf --outfile=fig/SlowSequence_dT35_1Pt_f
ollowing_error_vs_time-eps-converted-to.pdf fig/SlowSequence_dT35_1Pt_following
_error_vs_time.eps>
(epstopdf)             \includegraphics on input line 396.
Package epstopdf Info: Output file is already uptodate.

<fig/SlowSequence_dT35_1Pt_following_error_vs_time-eps-converted-to.pdf, id=240
, 499.8675pt x 399.4925pt>
File: fig/SlowSequence_dT35_1Pt_following_error_vs_time-eps-converted-to.pdf Gr
aphic file (type pdf)

<use fig/SlowSequence_dT35_1Pt_following_error_vs_time-eps-converted-to.pdf>
Package pdftex.def Info: fig/SlowSequence_dT35_1Pt_following_error_vs_time-eps-
converted-to.pdf used on input line 396.
(pdftex.def)             Requested size: 204.94751pt x 163.79298pt.
Package epstopdf Info: Source file: <fig/SlowSequence_dT35_MPt_following_error_
vs_time.eps>
(epstopdf)                    date: 2016-12-15 18:14:52
(epstopdf)                    size: 28483 bytes
(epstopdf)             Output file: <fig/SlowSequence_dT35_MPt_following_error_
vs_time-eps-converted-to.pdf>
(epstopdf)                    date: 2016-12-15 18:14:52
(epstopdf)                    size: 11186 bytes
(epstopdf)             Command: <epstopdf --outfile=fig/SlowSequence_dT35_MPt_f
ollowing_error_vs_time-eps-converted-to.pdf fig/SlowSequence_dT35_MPt_following
_error_vs_time.eps>
(epstopdf)             \includegraphics on input line 401.
Package epstopdf Info: Output file is already uptodate.

<fig/SlowSequence_dT35_MPt_following_error_vs_time-eps-converted-to.pdf, id=241
, 372.39125pt x 301.125pt>
File: fig/SlowSequence_dT35_MPt_following_error_vs_time-eps-converted-to.pdf Gr
aphic file (type pdf)

<use fig/SlowSequence_dT35_MPt_following_error_vs_time-eps-converted-to.pdf>
Package pdftex.def Info: fig/SlowSequence_dT35_MPt_following_error_vs_time-eps-
converted-to.pdf used on input line 401.
(pdftex.def)             Requested size: 204.94751pt x 165.72952pt.

Overfull \hbox (6.23944pt too wide) in paragraph at lines 396--402
[][] [] 
 []

[17 <./fig/SlowSequence_dT50_1Pt_following_error_vs_time-eps-converted-to.pdf> 
<./fig/SlowSequence_dT50_MPt_following_error_vs_time-eps-converted-to.pdf>]
Package epstopdf Info: Source file: <fig/MediumSequence_dT50_1Pt_following_erro
r_vs_time.eps>
(epstopdf)                    date: 2016-12-15 18:14:52
(epstopdf)                    size: 23811 bytes
(epstopdf)             Output file: <fig/MediumSequence_dT50_1Pt_following_erro
r_vs_time-eps-converted-to.pdf>
(epstopdf)                    date: 2016-12-15 18:14:52
(epstopdf)                    size: 9536 bytes
(epstopdf)             Command: <epstopdf --outfile=fig/MediumSequence_dT50_1Pt
_following_error_vs_time-eps-converted-to.pdf fig/MediumSequence_dT50_1Pt_follo
wing_error_vs_time.eps>
(epstopdf)             \includegraphics on input line 415.
Package epstopdf Info: Output file is already uptodate.

<fig/MediumSequence_dT50_1Pt_following_error_vs_time-eps-converted-to.pdf, id=2
61, 367.3725pt x 301.125pt>
File: fig/MediumSequence_dT50_1Pt_following_error_vs_time-eps-converted-to.pdf 
Graphic file (type pdf)

<use fig/MediumSequence_dT50_1Pt_following_error_vs_time-eps-converted-to.pdf>
Package pdftex.def Info: fig/MediumSequence_dT50_1Pt_following_error_vs_time-ep
s-converted-to.pdf used on input line 415.
(pdftex.def)             Requested size: 204.94751pt x 167.99475pt.
Package epstopdf Info: Source file: <fig/MediumSequence_dT50_MPt_following_erro
r_vs_time.eps>
(epstopdf)                    date: 2016-12-15 18:14:52
(epstopdf)                    size: 27629 bytes
(epstopdf)             Output file: <fig/MediumSequence_dT50_MPt_following_erro
r_vs_time-eps-converted-to.pdf>
(epstopdf)                    date: 2016-12-15 18:14:52
(epstopdf)                    size: 10812 bytes
(epstopdf)             Command: <epstopdf --outfile=fig/MediumSequence_dT50_MPt
_following_error_vs_time-eps-converted-to.pdf fig/MediumSequence_dT50_MPt_follo
wing_error_vs_time.eps>
(epstopdf)             \includegraphics on input line 420.
Package epstopdf Info: Output file is already uptodate.

<fig/MediumSequence_dT50_MPt_following_error_vs_time-eps-converted-to.pdf, id=2
62, 374.39874pt x 301.125pt>
File: fig/MediumSequence_dT50_MPt_following_error_vs_time-eps-converted-to.pdf 
Graphic file (type pdf)

<use fig/MediumSequence_dT50_MPt_following_error_vs_time-eps-converted-to.pdf>
Package pdftex.def Info: fig/MediumSequence_dT50_MPt_following_error_vs_time-ep
s-converted-to.pdf used on input line 420.
(pdftex.def)             Requested size: 204.94751pt x 164.83813pt.

Overfull \hbox (6.23944pt too wide) in paragraph at lines 415--421
[][] [] 
 []

Package epstopdf Info: Source file: <fig/MediumSequence_dT35_1Pt_following_erro
r_vs_time.eps>
(epstopdf)                    date: 2016-12-15 18:14:52
(epstopdf)                    size: 28455 bytes
(epstopdf)             Output file: <fig/MediumSequence_dT35_1Pt_following_erro
r_vs_time-eps-converted-to.pdf>
(epstopdf)                    date: 2016-12-15 18:14:52
(epstopdf)                    size: 10221 bytes
(epstopdf)             Command: <epstopdf --outfile=fig/MediumSequence_dT35_1Pt
_following_error_vs_time-eps-converted-to.pdf fig/MediumSequence_dT35_1Pt_follo
wing_error_vs_time.eps>
(epstopdf)             \includegraphics on input line 430.
Package epstopdf Info: Output file is already uptodate.

<fig/MediumSequence_dT35_1Pt_following_error_vs_time-eps-converted-to.pdf, id=2
63, 499.8675pt x 399.4925pt>
File: fig/MediumSequence_dT35_1Pt_following_error_vs_time-eps-converted-to.pdf 
Graphic file (type pdf)

<use fig/MediumSequence_dT35_1Pt_following_error_vs_time-eps-converted-to.pdf>
Package pdftex.def Info: fig/MediumSequence_dT35_1Pt_following_error_vs_time-ep
s-converted-to.pdf used on input line 430.
(pdftex.def)             Requested size: 204.94751pt x 163.79298pt.
Package epstopdf Info: Source file: <fig/MediumSequence_dT35_MPt_following_erro
r_vs_time.eps>
(epstopdf)                    date: 2016-12-15 18:14:52
(epstopdf)                    size: 32677 bytes
(epstopdf)             Output file: <fig/MediumSequence_dT35_MPt_following_erro
r_vs_time-eps-converted-to.pdf>
(epstopdf)                    date: 2016-12-15 18:14:52
(epstopdf)                    size: 11549 bytes
(epstopdf)             Command: <epstopdf --outfile=fig/MediumSequence_dT35_MPt
_following_error_vs_time-eps-converted-to.pdf fig/MediumSequence_dT35_MPt_follo
wing_error_vs_time.eps>
(epstopdf)             \includegraphics on input line 435.
Package epstopdf Info: Output file is already uptodate.

<fig/MediumSequence_dT35_MPt_following_error_vs_time-eps-converted-to.pdf, id=2
64, 501.875pt x 399.4925pt>
File: fig/MediumSequence_dT35_MPt_following_error_vs_time-eps-converted-to.pdf 
Graphic file (type pdf)

<use fig/MediumSequence_dT35_MPt_following_error_vs_time-eps-converted-to.pdf>
Package pdftex.def Info: fig/MediumSequence_dT35_MPt_following_error_vs_time-ep
s-converted-to.pdf used on input line 435.
(pdftex.def)             Requested size: 204.94751pt x 163.14073pt.

Overfull \hbox (6.23944pt too wide) in paragraph at lines 430--436
[][] [] 
 []

Package epstopdf Info: Source file: <fig/FastSequence_dT100_1Pt_following_error
_vs_time.eps>
(epstopdf)                    date: 2016-12-15 18:14:52
(epstopdf)                    size: 27928 bytes
(epstopdf)             Output file: <fig/FastSequence_dT100_1Pt_following_error
_vs_time-eps-converted-to.pdf>
(epstopdf)                    date: 2016-12-15 18:14:52
(epstopdf)                    size: 9834 bytes
(epstopdf)             Command: <epstopdf --outfile=fig/FastSequence_dT100_1Pt_
following_error_vs_time-eps-converted-to.pdf fig/FastSequence_dT100_1Pt_followi
ng_error_vs_time.eps>
(epstopdf)             \includegraphics on input line 448.
Package epstopdf Info: Output file is already uptodate.

<fig/FastSequence_dT100_1Pt_following_error_vs_time-eps-converted-to.pdf, id=26
5, 488.82625pt x 399.4925pt>
File: fig/FastSequence_dT100_1Pt_following_error_vs_time-eps-converted-to.pdf G
raphic file (type pdf)

<use fig/FastSequence_dT100_1Pt_following_error_vs_time-eps-converted-to.pdf>
Package pdftex.def Info: fig/FastSequence_dT100_1Pt_following_error_vs_time-eps
-converted-to.pdf used on input line 448.
(pdftex.def)             Requested size: 204.94751pt x 167.4931pt.
Package epstopdf Info: Source file: <fig/FastSequence_dT100_MPt_following_error
_vs_time.eps>
(epstopdf)                    date: 2016-12-15 18:14:52
(epstopdf)                    size: 34432 bytes
(epstopdf)             Output file: <fig/FastSequence_dT100_MPt_following_error
_vs_time-eps-converted-to.pdf>
(epstopdf)                    date: 2016-12-15 18:14:52
(epstopdf)                    size: 11386 bytes
(epstopdf)             Command: <epstopdf --outfile=fig/FastSequence_dT100_MPt_
following_error_vs_time-eps-converted-to.pdf fig/FastSequence_dT100_MPt_followi
ng_error_vs_time.eps>
(epstopdf)             \includegraphics on input line 453.
Package epstopdf Info: Output file is already uptodate.

<fig/FastSequence_dT100_MPt_following_error_vs_time-eps-converted-to.pdf, id=26
6, 491.8375pt x 399.4925pt>
File: fig/FastSequence_dT100_MPt_following_error_vs_time-eps-converted-to.pdf G
raphic file (type pdf)

<use fig/FastSequence_dT100_MPt_following_error_vs_time-eps-converted-to.pdf>
Package pdftex.def Info: fig/FastSequence_dT100_MPt_following_error_vs_time-eps
-converted-to.pdf used on input line 453.
(pdftex.def)             Requested size: 204.94751pt x 166.46901pt.

Overfull \hbox (6.23944pt too wide) in paragraph at lines 448--454
[][] [] 
 []

Package epstopdf Info: Source file: <fig/FastSequence_dT35_1Pt_following_error_
vs_time.eps>
(epstopdf)                    date: 2016-12-15 18:14:52
(epstopdf)                    size: 27462 bytes
(epstopdf)             Output file: <fig/FastSequence_dT35_1Pt_following_error_
vs_time-eps-converted-to.pdf>
(epstopdf)                    date: 2016-12-15 18:14:52
(epstopdf)                    size: 9968 bytes
(epstopdf)             Command: <epstopdf --outfile=fig/FastSequence_dT35_1Pt_f
ollowing_error_vs_time-eps-converted-to.pdf fig/FastSequence_dT35_1Pt_following
_error_vs_time.eps>
(epstopdf)             \includegraphics on input line 463.
Package epstopdf Info: Output file is already uptodate.

<fig/FastSequence_dT35_1Pt_following_error_vs_time-eps-converted-to.pdf, id=267
, 499.8675pt x 399.4925pt>
File: fig/FastSequence_dT35_1Pt_following_error_vs_time-eps-converted-to.pdf Gr
aphic file (type pdf)

<use fig/FastSequence_dT35_1Pt_following_error_vs_time-eps-converted-to.pdf>
Package pdftex.def Info: fig/FastSequence_dT35_1Pt_following_error_vs_time-eps-
converted-to.pdf used on input line 463.
(pdftex.def)             Requested size: 204.94751pt x 163.79298pt.
Package epstopdf Info: Source file: <fig/FastSequence_dT35_MPt_following_error_
vs_time.eps>
(epstopdf)                    date: 2016-12-15 18:14:52
(epstopdf)                    size: 32721 bytes
(epstopdf)             Output file: <fig/FastSequence_dT35_MPt_following_error_
vs_time-eps-converted-to.pdf>
(epstopdf)                    date: 2016-12-15 18:14:52
(epstopdf)                    size: 11585 bytes
(epstopdf)             Command: <epstopdf --outfile=fig/FastSequence_dT35_MPt_f
ollowing_error_vs_time-eps-converted-to.pdf fig/FastSequence_dT35_MPt_following
_error_vs_time.eps>
(epstopdf)             \includegraphics on input line 468.
Package epstopdf Info: Output file is already uptodate.

<fig/FastSequence_dT35_MPt_following_error_vs_time-eps-converted-to.pdf, id=268
, 501.875pt x 399.4925pt>
File: fig/FastSequence_dT35_MPt_following_error_vs_time-eps-converted-to.pdf Gr
aphic file (type pdf)

<use fig/FastSequence_dT35_MPt_following_error_vs_time-eps-converted-to.pdf>
Package pdftex.def Info: fig/FastSequence_dT35_MPt_following_error_vs_time-eps-
converted-to.pdf used on input line 468.
(pdftex.def)             Requested size: 204.94751pt x 163.14073pt.

Overfull \hbox (6.23944pt too wide) in paragraph at lines 463--469
[][] [] 
 []

[18 <./fig/SlowSequence_dT35_1Pt_following_error_vs_time-eps-converted-to.pdf> 
<./fig/SlowSequence_dT35_MPt_following_error_vs_time-eps-converted-to.pdf> <./f
ig/MediumSequence_dT50_1Pt_following_error_vs_time-eps-converted-to.pdf> <./fig
/MediumSequence_dT50_MPt_following_error_vs_time-eps-converted-to.pdf>]
[19 <./fig/MediumSequence_dT35_1Pt_following_error_vs_time-eps-converted-to.pdf
> <./fig/MediumSequence_dT35_MPt_following_error_vs_time-eps-converted-to.pdf> 
<./fig/FastSequence_dT100_1Pt_following_error_vs_time-eps-converted-to.pdf> <./
fig/FastSequence_dT100_MPt_following_error_vs_time-eps-converted-to.pdf>]
Package epstopdf Info: Source file: <fig/onept.eps>
(epstopdf)                    date: 2016-12-11 12:08:52
(epstopdf)                    size: 165200 bytes
(epstopdf)             Output file: <fig/onept-eps-converted-to.pdf>
(epstopdf)                    date: 2016-12-15 20:13:52
(epstopdf)                    size: 12406 bytes
(epstopdf)             Command: <epstopdf --outfile=fig/onept-eps-converted-to.
pdf fig/onept.eps>
(epstopdf)             \includegraphics on input line 479.
Package epstopdf Info: Output file is already uptodate.

<fig/onept-eps-converted-to.pdf, id=340, 1028.84375pt x 489.83pt>
File: fig/onept-eps-converted-to.pdf Graphic file (type pdf)

<use fig/onept-eps-converted-to.pdf>
Package pdftex.def Info: fig/onept-eps-converted-to.pdf used on input line 479.

(pdftex.def)             Requested size: 418.25555pt x 233.26959pt.
Package epstopdf Info: Source file: <fig/threept.eps>
(epstopdf)                    date: 2016-12-11 12:09:19
(epstopdf)                    size: 167362 bytes
(epstopdf)             Output file: <fig/threept-eps-converted-to.pdf>
(epstopdf)                    date: 2016-12-15 20:13:54
(epstopdf)                    size: 13865 bytes
(epstopdf)             Command: <epstopdf --outfile=fig/threept-eps-converted-t
o.pdf fig/threept.eps>
(epstopdf)             \includegraphics on input line 485.
Package epstopdf Info: Output file is already uptodate.

<fig/threept-eps-converted-to.pdf, id=341, 1028.84375pt x 489.83pt>
File: fig/threept-eps-converted-to.pdf Graphic file (type pdf)

<use fig/threept-eps-converted-to.pdf>
Package pdftex.def Info: fig/threept-eps-converted-to.pdf used on input line 48
5.
(pdftex.def)             Requested size: 418.25555pt x 233.26959pt.
 [20 <./fig/FastSequence_dT35_1Pt_following_error_vs_time-eps-converted-to.pdf>
 <./fig/FastSequence_dT35_MPt_following_error_vs_time-eps-converted-to.pdf>] [2
1 <./fig/onept-eps-converted-to.pdf> <./fig/threept-eps-converted-to.pdf>] (rep
ort.aux) ) 
Here is how much of TeX's memory you used:
 8312 strings out of 493634
 140260 string characters out of 3141312
 316655 words of memory out of 3000000
 11522 multiletter control sequences out of 15000+200000
 56987 words of font info for 53 fonts, out of 3000000 for 9000
 1025 hyphenation exceptions out of 8191
 54i,20n,51p,8819b,404s stack positions out of 5000i,500n,10000p,200000b,50000s
{C:/Program Files (x86)/MiKTeX 2.9/fonts/enc/dvips/lm/lm-rm.enc}{C:/P
rogram Files (x86)/MiKTeX 2.9/fonts/enc/dvips/lm/lm-mathsy.enc}{C:/Program File
s (x86)/MiKTeX 2.9/fonts/enc/dvips/lm/lm-mathex.enc}{C:/Program Files (x86)/MiK
TeX 2.9/fonts/enc/dvips/lm/lm-mathit.enc}{C:/Program Files (x86)/MiKTeX 2.9/fon
ts/enc/dvips/lm/lm-rmtt.enc}<C:/Program Files (x86)/MiKTeX 2.9/fonts/type1/publ
ic/lm/lmbx10.pfb><C:/Program Files (x86)/MiKTeX 2.9/fonts/type1/public/lm/lmbx1
2.pfb><C:/Program Files (x86)/MiKTeX 2.9/fonts/type1/public/lm/lmex10.pfb><C:/P
rogram Files (x86)/MiKTeX 2.9/fonts/type1/public/lm/lmmi10.pfb><C:/Program File
s (x86)/MiKTeX 2.9/fonts/type1/public/lm/lmmi8.pfb><C:/Program Files (x86)/MiKT
eX 2.9/fonts/type1/public/lm/lmmib10.pfb><C:/Program Files (x86)/MiKTeX 2.9/fon
ts/type1/public/lm/lmr10.pfb><C:/Program Files (x86)/MiKTeX 2.9/fonts/type1/pub
lic/lm/lmr12.pfb><C:/Program Files (x86)/MiKTeX 2.9/fonts/type1/public/lm/lmr8.
pfb><C:/Program Files (x86)/MiKTeX 2.9/fonts/type1/public/lm/lmr9.pfb><C:/Progr
am Files (x86)/MiKTeX 2.9/fonts/type1/public/lm/lmssbx10.pfb><C:/Program Files 
(x86)/MiKTeX 2.9/fonts/type1/public/lm/lmsy10.pfb><C:/Program Files (x86)/MiKTe
X 2.9/fonts/type1/public/lm/lmsy8.pfb><C:/Program Files (x86)/MiKTeX 2.9/fonts/
type1/public/lm/lmtt10.pfb>
Output written on report.pdf (21 pages, 4501863 bytes).
PDF statistics:
 429 PDF objects out of 1000 (max. 8388607)
 0 named destinations out of 1000 (max. 500000)
 211 words of extra memory for PDF output out of 10000 (max. 10000000)

